<?xml version="1.0" encoding="UTF-8"?>
<!-- Generated by org.testng.reporters.JUnitReportReporter -->
<testsuite hostname="Guoxiongs-MacBook-Pro.local" name="storm.starter.bolt.RollingCountBoltTest" tests="4" failures="0" timestamp="2 Feb 2014 00:09:13 GMT" time="0.111" errors="0">
  <testcase name="shouldEmitSomethingIfAtLeastOneObjectWasCountedAndTickTupleIsReceived" time="0.001" classname="storm.starter.bolt.RollingCountBoltTest"/>
  <testcase name="shouldSetTickTupleFrequencyInComponentConfigurationToNonZeroValue" time="0.000" classname="storm.starter.bolt.RollingCountBoltTest"/>
  <testcase name="shouldEmitNothingIfNoObjectHasBeenCountedYetAndTickTupleIsReceived" time="0.046" classname="storm.starter.bolt.RollingCountBoltTest"/>
  <testcase name="shouldDeclareOutputFields" time="0.064" classname="storm.starter.bolt.RollingCountBoltTest"/>
</testsuite> <!-- storm.starter.bolt.RollingCountBoltTest -->
